<?xml version="1.0" encoding="UTF-8"?>
<testsuite name="com.csc.TestFuzzyFinder" tests="2" skipped="0" failures="0" errors="0" timestamp="2024-10-26T19:34:01" hostname="Bens-Air.attlocal.net" time="0.014">
  <properties/>
  <testcase name="linearSearchOfSortedFuzzies()" classname="com.csc.TestFuzzyFinder" time="0.011"/>
  <testcase name="binarySearchOfSortedFuzzies()" classname="com.csc.TestFuzzyFinder" time="0.002"/>
  <system-out><![CDATA[]]></system-out>
  <system-err><![CDATA[]]></system-err>
</testsuite>
